#
# A fatal error has been detected by the Java Runtime Environment:
#
#  SIGSEGV (0xb) at pc=0x000000010e84c594, pid=2605, tid=0x0000000000004303
#
# JRE version: Java(TM) SE Runtime Environment (8.0_101-b13) (build 1.8.0_101-b13)
# Java VM: Java HotSpot(TM) 64-Bit Server VM (25.101-b13 mixed mode bsd-amd64 compressed oops)
# Problematic frame:
# V  [libjvm.dylib+0x44c594]
#
# Failed to write core dump. Core dumps have been disabled. To enable core dumping, try "ulimit -c unlimited" before starting Java again
#
# If you would like to submit a bug report, please visit:
#   http://bugreport.java.com/bugreport/crash.jsp
#

---------------  T H R E A D  ---------------

Current thread (0x00007f8f0c015000):  JavaThread "JDWP Transport Listener: dt_socket" daemon [_thread_in_vm, id=17155, stack(0x000070000d90f000,0x000070000da0f000)]

siginfo: si_signo: 11 (SIGSEGV), si_code: 1 (SEGV_MAPERR), si_addr: 0x0000000000000827

Registers:
RAX=0x0000000000000001, RBX=0x000070000da0ea8b, RCX=0x000000010ec1f360, RDX=0x000070000da0ea8b
RSP=0x000070000da0e9d0, RBP=0x000070000da0e9e0, RSI=0x00007f8f0c015000, RDI=0x0000000000000827
R8 =0x0000000000000002, R9 =0x0000000000000000, R10=0x0000000000000001, R11=0x0000000000000003
R12=0x00007f8f0c015000, R13=0x0000000000000827, R14=0x0000000000000827, R15=0x00007f8f0af01820
RIP=0x000000010e84c594, EFLAGS=0x0000000000010206, ERR=0x0000000000000004
  TRAPNO=0x000000000000000e

Top of Stack: (sp=0x000070000da0e9d0)
0x000070000da0e9d0:   000070000da0ea8b 000070000da0ea8b
0x000070000da0e9e0:   000070000da0ea40 000000010e7580d2
0x000070000da0e9f0:   00007f8f0c015000 0000000000000000
0x000070000da0ea00:   0000000000000000 0000000000000000
0x000070000da0ea10:   00007f8f0c015000 00007f8f0c015000
0x000070000da0ea20:   000070000da0ea8b 000070000da0ea90
0x000070000da0ea30:   0000000000000827 0000000000000007
0x000070000da0ea40:   000070000da0ea60 000000010f3f2780
0x000070000da0ea50:   0000000000000001 000070000da0eb08
0x000070000da0ea60:   000070000da0ead0 000000010f3d71f3
0x000070000da0ea70:   000070000da0eaa0 00007f8f0ae688f0
0x000070000da0ea80:   0000001100000032 0000000200a0eb08
0x000070000da0ea90:   0000000000000000 0000000000000000
0x000070000da0eaa0:   0000000000000000 000070000da0ec90
0x000070000da0eab0:   000000010f3f9e7a 00007f8f0ad64b90
0x000070000da0eac0:   000070000da0eb08 000000010f405598
0x000070000da0ead0:   000070000da0eae0 000000010f3d72ec
0x000070000da0eae0:   000070000da0ed00 000000010f3e0898
0x000070000da0eaf0:   0000b1a000000013 00000000000f0200
0x000070000da0eb00:   00007f8f0ad63310 00007f8f0ae3f890
0x000070000da0eb10:   00007f8f00000188 00007f8f0ae6a220
0x000070000da0eb20:   00007f8f0000012c 000070000da0eb58
0x000070000da0eb30:   00007f8f0ae6a220 0000000000000000
0x000070000da0eb40:   0000b1a000000014 00007f8f0000e080
0x000070000da0eb50:   000070000da0eb58 8f7f000011000000
0x000070000da0eb60:   060000005859720d 00003e74696e693c
0x000070000da0eb70:   0000005629280300 7f00000100000000
0x000070000da0eb80:   000000082763108f 73654464616f6c1f
0x000070000da0eb90:   6f747475426e6769 506e6f697463416e
0x000070000da0eba0:   64656d726f667265 616a4c281f000000
0x000070000da0ebb0:   652f7477612f6176 7463412f746e6576
0x000070000da0ebc0:   746e6576456e6f69 000000000056293b 

Instructions: (pc=0x000000010e84c594)
0x000000010e84c574:   40 48 48 85 c0 75 e0 30 c0 0f b6 c0 5d c3 31 c0
0x000000010e84c584:   5d c3 55 48 89 e5 53 48 83 ec 08 48 85 ff 74 24
0x000000010e84c594:   48 8b 1f 48 85 db 74 1c 48 83 fb 37 74 16 48 8b
0x000000010e84c5a4:   03 48 89 df ff 50 10 84 c0 b8 00 00 00 00 48 0f 

Register to memory mapping:

RAX=0x0000000000000001 is an unknown value
RBX=0x000070000da0ea8b is pointing into the stack for thread: 0x00007f8f0c015000
RCX=0x000000010ec1f360: UseMembar+0 in /Library/Java/JavaVirtualMachines/jdk1.8.0_101.jdk/Contents/Home/jre/lib/server/libjvm.dylib at 0x000000010e400000
RDX=0x000070000da0ea8b is pointing into the stack for thread: 0x00007f8f0c015000
RSP=0x000070000da0e9d0 is pointing into the stack for thread: 0x00007f8f0c015000
RBP=0x000070000da0e9e0 is pointing into the stack for thread: 0x00007f8f0c015000
RSI=0x00007f8f0c015000 is a thread
RDI=0x0000000000000827 is an unknown value
R8 =0x0000000000000002 is an unknown value
R9 =0x0000000000000000 is an unknown value
R10=0x0000000000000001 is an unknown value
R11=0x0000000000000003 is an unknown value
R12=0x00007f8f0c015000 is a thread
R13=0x0000000000000827 is an unknown value
R14=0x0000000000000827 is an unknown value
R15=0x00007f8f0af01820 is an unknown value


Stack: [0x000070000d90f000,0x000070000da0f000],  sp=0x000070000da0e9d0,  free space=1022k
Native frames: (J=compiled Java code, j=interpreted, Vv=VM code, C=native code)
V  [libjvm.dylib+0x44c594]
V  [libjvm.dylib+0x3580d2]
C  [libjdwp.dylib+0x20780]  isMethodSynthetic+0x63
C  [libjdwp.dylib+0x51f3]  methods1+0x10b
C  [libjdwp.dylib+0x52ec]  methodsWithGeneric+0xe
C  [libjdwp.dylib+0xe898]  debugLoop_run+0x1ce
C  [libjdwp.dylib+0x1f6ba]  attachThread+0x4d
V  [libjvm.dylib+0x399438]
V  [libjvm.dylib+0x5695ab]
V  [libjvm.dylib+0x56ac98]
V  [libjvm.dylib+0x48933a]
C  [libsystem_pthread.dylib+0x39af]  _pthread_body+0xb4
C  [libsystem_pthread.dylib+0x38fb]  _pthread_body+0x0
C  [libsystem_pthread.dylib+0x3101]  thread_start+0xd
C  0x0000000000000000


---------------  P R O C E S S  ---------------

Java Threads: ( => current thread )
  0x00007f8f0ca74000 JavaThread "Java2D Disposer" daemon [_thread_blocked, id=58895, stack(0x000070000e5b9000,0x000070000e6b9000)]
  0x00007f8f0b1f2000 JavaThread "Java2D Queue Flusher" daemon [_thread_blocked, id=55815, stack(0x000070000e4b6000,0x000070000e5b6000)]
  0x00007f8f0b182800 JavaThread "DestroyJavaVM" [_thread_blocked, id=6915, stack(0x000070000cf71000,0x000070000d071000)]
  0x00007f8f0c9f1800 JavaThread "AWT-EventQueue-0" [_thread_blocked, id=49199, stack(0x000070000e3b3000,0x000070000e4b3000)]
  0x00007f8f0b8a8800 JavaThread "AWT-Shutdown" [_thread_blocked, id=31263, stack(0x000070000e1aa000,0x000070000e2aa000)]
  0x00007f8f0c020000 JavaThread "AppKit Thread" daemon [_thread_in_native, id=775, stack(0x00007fff51952000,0x00007fff52152000)]
  0x00007f8f0b839000 JavaThread "Service Thread" daemon [_thread_blocked, id=20227, stack(0x000070000df21000,0x000070000e021000)]
  0x00007f8f0c853000 JavaThread "C1 CompilerThread2" daemon [_thread_blocked, id=19715, stack(0x000070000de1e000,0x000070000df1e000)]
  0x00007f8f0b836000 JavaThread "C2 CompilerThread1" daemon [_thread_blocked, id=19203, stack(0x000070000dd1b000,0x000070000de1b000)]
  0x00007f8f0c036000 JavaThread "C2 CompilerThread0" daemon [_thread_blocked, id=18691, stack(0x000070000dc18000,0x000070000dd18000)]
  0x00007f8f0c852800 JavaThread "JDWP Command Reader" daemon [_thread_in_native, id=18179, stack(0x000070000db15000,0x000070000dc15000)]
  0x00007f8f0b818800 JavaThread "JDWP Event Helper Thread" daemon [_thread_blocked, id=17667, stack(0x000070000da12000,0x000070000db12000)]
=>0x00007f8f0c015000 JavaThread "JDWP Transport Listener: dt_socket" daemon [_thread_in_vm, id=17155, stack(0x000070000d90f000,0x000070000da0f000)]
  0x00007f8f0c835800 JavaThread "Signal Dispatcher" daemon [_thread_blocked, id=16643, stack(0x000070000d80c000,0x000070000d90c000)]
  0x00007f8f0c830000 JavaThread "Finalizer" daemon [_thread_blocked, id=12291, stack(0x000070000d686000,0x000070000d786000)]
  0x00007f8f0c82d800 JavaThread "Reference Handler" daemon [_thread_blocked, id=11779, stack(0x000070000d583000,0x000070000d683000)]

Other Threads:
  0x00007f8f0c00f800 VMThread [stack: 0x000070000d480000,0x000070000d580000] [id=11267]
  0x00007f8f0b029000 WatcherThread [stack: 0x000070000e024000,0x000070000e124000] [id=20739]

VM state:not at safepoint (normal execution)

VM Mutex/Monitor currently owned by a thread: None

Heap:
 PSYoungGen      total 38400K, used 18503K [0x0000000795580000, 0x0000000798000000, 0x00000007c0000000)
  eden space 33280K, 55% used [0x0000000795580000,0x0000000796791ca0,0x0000000797600000)
  from space 5120K, 0% used [0x0000000797b00000,0x0000000797b00000,0x0000000798000000)
  to   space 5120K, 0% used [0x0000000797600000,0x0000000797600000,0x0000000797b00000)
 ParOldGen       total 87552K, used 0K [0x0000000740000000, 0x0000000745580000, 0x0000000795580000)
  object space 87552K, 0% used [0x0000000740000000,0x0000000740000000,0x0000000745580000)
 Metaspace       used 14998K, capacity 15218K, committed 15360K, reserved 1062912K
  class space    used 1937K, capacity 2019K, committed 2048K, reserved 1048576K

Card table byte_map: [0x000000010f7ee000,0x000000010fbef000] byte_map_base: 0x000000010bdee000

Marking Bits: (ParMarkBitMap*) 0x000000010ecedd20
 Begin Bits: [0x0000000120b7d000, 0x0000000122b7d000)
 End Bits:   [0x0000000122b7d000, 0x0000000124b7d000)

Polling page: 0x000000010dbf4000

CodeCache: size=245760Kb used=3658Kb max_used=3658Kb free=242101Kb
 bounds [0x0000000111b7d000, 0x0000000111f1d000, 0x0000000120b7d000]
 total_blobs=1638 nmethods=1104 adapters=456
 compilation: enabled

Compilation events (10 events):
Event: 27.218 Thread 0x00007f8f0c853000 1101       3       sun.java2d.pipe.RenderQueue::tryLock (4 bytes)
Event: 27.218 Thread 0x00007f8f0c853000 nmethod 1101 0x0000000111f0e050 code [0x0000000111f0e1e0, 0x0000000111f0e548]
Event: 27.218 Thread 0x00007f8f0c853000 1102       3       sun.awt.SunToolkit::awtTryLock (7 bytes)
Event: 27.219 Thread 0x00007f8f0c853000 nmethod 1102 0x0000000111f0e6d0 code [0x0000000111f0e840, 0x0000000111f0eb28]
Event: 91.574 Thread 0x00007f8f0c853000 1103       3       java.awt.event.ComponentEvent::<init> (7 bytes)
Event: 91.574 Thread 0x00007f8f0c853000 nmethod 1103 0x0000000111f0ec50 code [0x0000000111f0edc0, 0x0000000111f0ef68]
Event: 91.940 Thread 0x00007f8f0c853000 1104       3       java.util.concurrent.atomic.AtomicBoolean::compareAndSet (35 bytes)
Event: 91.941 Thread 0x00007f8f0c853000 nmethod 1104 0x0000000111f0f010 code [0x0000000111f0f180, 0x0000000111f0f3b0]
Event: 91.950 Thread 0x00007f8f0c853000 1105   !   3       java.awt.event.InputEvent::canAccessSystemClipboard (57 bytes)
Event: 91.950 Thread 0x00007f8f0c853000 nmethod 1105 0x0000000111f0f450 code [0x0000000111f0f660, 0x0000000111f0ffd8]

GC Heap History (0 events):
No events

Deoptimization events (7 events):
Event: 0.832 Thread 0x00007f8f0c9f1800 Uncommon trap: reason=unstable_if action=reinterpret pc=0x0000000111d7d0b4 method=java.util.HashMap.getNode(ILjava/lang/Object;)Ljava/util/HashMap$Node; @ 84
Event: 0.832 Thread 0x00007f8f0c9f1800 Uncommon trap: reason=unstable_if action=reinterpret pc=0x0000000111d83f28 method=java.util.HashMap.getNode(ILjava/lang/Object;)Ljava/util/HashMap$Node; @ 84
Event: 0.905 Thread 0x00007f8f0c9f1800 Uncommon trap: reason=unstable_if action=reinterpret pc=0x0000000111dac60c method=java.util.HashMap.putVal(ILjava/lang/Object;Ljava/lang/Object;ZZ)Ljava/lang/Object; @ 109
Event: 1.003 Thread 0x00007f8f0c9f1800 Uncommon trap: reason=unstable_if action=reinterpret pc=0x0000000111d97cf4 method=java.lang.String.indexOf([CII[CIII)I @ 3
Event: 4.862 Thread 0x00007f8f0c9f1800 Uncommon trap: reason=class_check action=maybe_recompile pc=0x0000000111ced5b4 method=java.lang.String.equals(Ljava/lang/Object;)Z @ 8
Event: 4.994 Thread 0x00007f8f0c9f1800 Uncommon trap: reason=class_check action=maybe_recompile pc=0x0000000111ced5b4 method=java.lang.String.equals(Ljava/lang/Object;)Z @ 8
Event: 4.994 Thread 0x00007f8f0c9f1800 Uncommon trap: reason=class_check action=maybe_recompile pc=0x0000000111ced5b4 method=java.lang.String.equals(Ljava/lang/Object;)Z @ 8

Internal exceptions (10 events):
Event: 0.704 Thread 0x00007f8f0c9f1800 Exception <a 'java/lang/ClassNotFoundException': javax/swing/JToolBarSeparator> (0x0000000795c6d4d8) thrown at [/HUDSON3/workspace/8-2-build-macosx-x86_64/jdk8u101/7261/hotspot/src/share/vm/classfile/systemDictionary.cpp, line 210]
Event: 0.704 Thread 0x00007f8f0c9f1800 Exception <a 'java/lang/ClassNotFoundException': ToolBarSeparator> (0x0000000795c6d970) thrown at [/HUDSON3/workspace/8-2-build-macosx-x86_64/jdk8u101/7261/hotspot/src/share/vm/classfile/systemDictionary.cpp, line 210]
Event: 0.704 Thread 0x00007f8f0c9f1800 Exception <a 'java/lang/ClassNotFoundException': ToolTip> (0x0000000795c6e0b0) thrown at [/HUDSON3/workspace/8-2-build-macosx-x86_64/jdk8u101/7261/hotspot/src/share/vm/classfile/systemDictionary.cpp, line 210]
Event: 0.705 Thread 0x00007f8f0c9f1800 Exception <a 'java/lang/ClassNotFoundException': Tree> (0x0000000795c6ecd0) thrown at [/HUDSON3/workspace/8-2-build-macosx-x86_64/jdk8u101/7261/hotspot/src/share/vm/classfile/systemDictionary.cpp, line 210]
Event: 0.705 Thread 0x00007f8f0c9f1800 Exception <a 'java/lang/ClassNotFoundException': Tree> (0x0000000795c6f410) thrown at [/HUDSON3/workspace/8-2-build-macosx-x86_64/jdk8u101/7261/hotspot/src/share/vm/classfile/systemDictionary.cpp, line 210]
Event: 0.705 Thread 0x00007f8f0c9f1800 Exception <a 'java/lang/ClassNotFoundException': javax/swing/JTreeCell> (0x0000000795c6f790) thrown at [/HUDSON3/workspace/8-2-build-macosx-x86_64/jdk8u101/7261/hotspot/src/share/vm/classfile/systemDictionary.cpp, line 210]
Event: 0.705 Thread 0x00007f8f0c9f1800 Exception <a 'java/lang/ClassNotFoundException': TreeCell> (0x0000000795c6fc18) thrown at [/HUDSON3/workspace/8-2-build-macosx-x86_64/jdk8u101/7261/hotspot/src/share/vm/classfile/systemDictionary.cpp, line 210]
Event: 0.705 Thread 0x00007f8f0c9f1800 Exception <a 'java/lang/ClassNotFoundException': RootPane> (0x0000000795c70490) thrown at [/HUDSON3/workspace/8-2-build-macosx-x86_64/jdk8u101/7261/hotspot/src/share/vm/classfile/systemDictionary.cpp, line 210]
Event: 0.716 Thread 0x00007f8f0c9f1800 Exception <a 'java/io/FileNotFoundException'> (0x0000000795cc39a0) thrown at [/HUDSON3/workspace/8-2-build-macosx-x86_64/jdk8u101/7261/hotspot/src/share/vm/prims/jni.cpp, line 709]
Event: 0.993 Thread 0x00007f8f0c9f1800 Exception <a 'java/lang/NoSuchMethodError': <clinit>> (0x0000000796470e90) thrown at [/HUDSON3/workspace/8-2-build-macosx-x86_64/jdk8u101/7261/hotspot/src/share/vm/prims/jni.cpp, line 1613]

Events (10 events):
Event: 144.958 Executing VM operation: EnterInterpOnlyMode
Event: 144.958 Executing nested VM operation: Deoptimize
Event: 144.958 Executing nested VM operation: Deoptimize done
Event: 144.958 Executing VM operation: EnterInterpOnlyMode done
Event: 144.958 Executing VM operation: GetCurrentLocation
Event: 144.958 Executing VM operation: GetCurrentLocation done
Event: 144.958 Executing VM operation: ChangeSingleStep
Event: 144.958 Executing VM operation: ChangeSingleStep done
Event: 144.959 Executing VM operation: ChangeSingleStep
Event: 144.959 Executing VM operation: ChangeSingleStep done


Dynamic libraries:
0x000000004281c000 	/System/Library/Frameworks/Cocoa.framework/Versions/A/Cocoa
0x000000004281c000 	/System/Library/Frameworks/Security.framework/Versions/A/Security
0x000000004281c000 	/System/Library/Frameworks/ApplicationServices.framework/Versions/A/ApplicationServices
0x000000004281c000 	/usr/lib/libz.1.dylib
0x000000004281c000 	/usr/lib/libSystem.B.dylib
0x000000004281c000 	/usr/lib/libobjc.A.dylib
0x000000004281c000 	/System/Library/Frameworks/CoreFoundation.framework/Versions/A/CoreFoundation
0x000000004281c000 	/System/Library/Frameworks/Foundation.framework/Versions/C/Foundation
0x000000004281c000 	/System/Library/Frameworks/AppKit.framework/Versions/C/AppKit
0x000000004281c000 	/System/Library/Frameworks/CoreData.framework/Versions/A/CoreData
0x000000004281c000 	/System/Library/PrivateFrameworks/RemoteViewServices.framework/Versions/A/RemoteViewServices
0x000000004281c000 	/System/Library/PrivateFrameworks/UIFoundation.framework/Versions/A/UIFoundation
0x000000004281c000 	/System/Library/PrivateFrameworks/DFRFoundation.framework/Versions/A/DFRFoundation
0x000000004281c000 	/usr/lib/libenergytrace.dylib
0x000000004281c000 	/System/Library/PrivateFrameworks/SkyLight.framework/Versions/A/SkyLight
0x000000004281c000 	/System/Library/Frameworks/CoreGraphics.framework/Versions/A/CoreGraphics
0x000000004281c000 	/usr/lib/libScreenReader.dylib
0x000000004281c000 	/System/Library/Frameworks/Accelerate.framework/Versions/A/Accelerate
0x000000004281c000 	/System/Library/Frameworks/IOSurface.framework/Versions/A/IOSurface
0x000000004281c000 	/System/Library/Frameworks/AudioToolbox.framework/Versions/A/AudioToolbox
0x000000004281c000 	/System/Library/Frameworks/AudioUnit.framework/Versions/A/AudioUnit
0x000000004281c000 	/System/Library/PrivateFrameworks/DataDetectorsCore.framework/Versions/A/DataDetectorsCore
0x000000004281c000 	/System/Library/PrivateFrameworks/DesktopServicesPriv.framework/Versions/A/DesktopServicesPriv
0x000000004281c000 	/System/Library/Frameworks/Carbon.framework/Versions/A/Frameworks/HIToolbox.framework/Versions/A/HIToolbox
0x000000004281c000 	/usr/lib/libicucore.A.dylib
0x000000004281c000 	/System/Library/Frameworks/QuartzCore.framework/Versions/A/QuartzCore
0x000000004281c000 	/System/Library/Frameworks/Carbon.framework/Versions/A/Frameworks/SpeechRecognition.framework/Versions/A/SpeechRecognition
0x000000004281c000 	/usr/lib/libauto.dylib
0x000000004281c000 	/usr/lib/libxml2.2.dylib
0x000000004281c000 	/System/Library/PrivateFrameworks/CoreUI.framework/Versions/A/CoreUI
0x000000004281c000 	/System/Library/Frameworks/CoreAudio.framework/Versions/A/CoreAudio
0x000000004281c000 	/System/Library/Frameworks/DiskArbitration.framework/Versions/A/DiskArbitration
0x000000004281c000 	/usr/lib/liblangid.dylib
0x000000004281c000 	/System/Library/PrivateFrameworks/MultitouchSupport.framework/Versions/A/MultitouchSupport
0x000000004281c000 	/System/Library/Frameworks/IOKit.framework/Versions/A/IOKit
0x000000004281c000 	/usr/lib/libDiagnosticMessagesClient.dylib
0x000000004281c000 	/System/Library/Frameworks/CoreServices.framework/Versions/A/CoreServices
0x000000004281c000 	/System/Library/PrivateFrameworks/PerformanceAnalysis.framework/Versions/A/PerformanceAnalysis
0x000000004281c000 	/System/Library/PrivateFrameworks/GenerationalStorage.framework/Versions/A/GenerationalStorage
0x000000004281c000 	/System/Library/Frameworks/OpenGL.framework/Versions/A/OpenGL
0x000000004281c000 	/System/Library/Frameworks/CoreImage.framework/Versions/A/CoreImage
0x000000004281c000 	/System/Library/Frameworks/CoreText.framework/Versions/A/CoreText
0x000000004281c000 	/System/Library/Frameworks/ImageIO.framework/Versions/A/ImageIO
0x000000004281c000 	/System/Library/PrivateFrameworks/Backup.framework/Versions/A/Backup
0x000000004281c000 	/usr/lib/libarchive.2.dylib
0x000000004281c000 	/System/Library/Frameworks/CFNetwork.framework/Versions/A/CFNetwork
0x000000004281c000 	/System/Library/Frameworks/SystemConfiguration.framework/Versions/A/SystemConfiguration
0x000000004281c000 	/usr/lib/libCRFSuite.dylib
0x000000004281c000 	/usr/lib/libc++.1.dylib
0x000000004281c000 	/usr/lib/libc++abi.dylib
0x000000004281c000 	/usr/lib/system/libcache.dylib
0x000000004281c000 	/usr/lib/system/libcommonCrypto.dylib
0x000000004281c000 	/usr/lib/system/libcompiler_rt.dylib
0x000000004281c000 	/usr/lib/system/libcopyfile.dylib
0x000000004281c000 	/usr/lib/system/libcorecrypto.dylib
0x000000004281c000 	/usr/lib/system/libdispatch.dylib
0x000000004281c000 	/usr/lib/system/libdyld.dylib
0x000000004281c000 	/usr/lib/system/libkeymgr.dylib
0x000000004281c000 	/usr/lib/system/liblaunch.dylib
0x000000004281c000 	/usr/lib/system/libmacho.dylib
0x000000004281c000 	/usr/lib/system/libquarantine.dylib
0x000000004281c000 	/usr/lib/system/libremovefile.dylib
0x000000004281c000 	/usr/lib/system/libsystem_asl.dylib
0x000000004281c000 	/usr/lib/system/libsystem_blocks.dylib
0x000000004281c000 	/usr/lib/system/libsystem_c.dylib
0x000000004281c000 	/usr/lib/system/libsystem_configuration.dylib
0x000000004281c000 	/usr/lib/system/libsystem_coreservices.dylib
0x000000004281c000 	/usr/lib/system/libsystem_coretls.dylib
0x000000004281c000 	/usr/lib/system/libsystem_dnssd.dylib
0x000000004281c000 	/usr/lib/system/libsystem_info.dylib
0x000000004281c000 	/usr/lib/system/libsystem_kernel.dylib
0x000000004281c000 	/usr/lib/system/libsystem_m.dylib
0x000000004281c000 	/usr/lib/system/libsystem_malloc.dylib
0x000000004281c000 	/usr/lib/system/libsystem_network.dylib
0x000000004281c000 	/usr/lib/system/libsystem_networkextension.dylib
0x000000004281c000 	/usr/lib/system/libsystem_notify.dylib
0x000000004281c000 	/usr/lib/system/libsystem_platform.dylib
0x000000004281c000 	/usr/lib/system/libsystem_pthread.dylib
0x000000004281c000 	/usr/lib/system/libsystem_sandbox.dylib
0x000000004281c000 	/usr/lib/system/libsystem_secinit.dylib
0x000000004281c000 	/usr/lib/system/libsystem_symptoms.dylib
0x000000004281c000 	/usr/lib/system/libsystem_trace.dylib
0x000000004281c000 	/usr/lib/system/libunwind.dylib
0x000000004281c000 	/usr/lib/system/libxpc.dylib
0x000000004281c000 	/usr/lib/libbsm.0.dylib
0x000000004281c000 	/usr/lib/system/libkxld.dylib
0x000000004281c000 	/usr/lib/libcoretls.dylib
0x000000004281c000 	/usr/lib/libcoretls_cfhelpers.dylib
0x000000004281c000 	/usr/lib/libOpenScriptingUtil.dylib
0x000000004281c000 	/usr/lib/libpam.2.dylib
0x000000004281c000 	/usr/lib/libsqlite3.dylib
0x000000004281c000 	/usr/lib/libxar.1.dylib
0x000000004281c000 	/usr/lib/libbz2.1.0.dylib
0x000000004281c000 	/usr/lib/liblzma.5.dylib
0x000000004281c000 	/usr/lib/libnetwork.dylib
0x000000004281c000 	/usr/lib/libpcap.A.dylib
0x000000004281c000 	/System/Library/Frameworks/CoreServices.framework/Versions/A/Frameworks/FSEvents.framework/Versions/A/FSEvents
0x000000004281c000 	/System/Library/Frameworks/CoreServices.framework/Versions/A/Frameworks/CarbonCore.framework/Versions/A/CarbonCore
0x000000004281c000 	/System/Library/Frameworks/CoreServices.framework/Versions/A/Frameworks/Metadata.framework/Versions/A/Metadata
0x000000004281c000 	/System/Library/Frameworks/CoreServices.framework/Versions/A/Frameworks/OSServices.framework/Versions/A/OSServices
0x000000004281c000 	/System/Library/Frameworks/CoreServices.framework/Versions/A/Frameworks/SearchKit.framework/Versions/A/SearchKit
0x000000004281c000 	/System/Library/Frameworks/CoreServices.framework/Versions/A/Frameworks/AE.framework/Versions/A/AE
0x000000004281c000 	/System/Library/Frameworks/CoreServices.framework/Versions/A/Frameworks/LaunchServices.framework/Versions/A/LaunchServices
0x000000004281c000 	/System/Library/Frameworks/CoreServices.framework/Versions/A/Frameworks/DictionaryServices.framework/Versions/A/DictionaryServices
0x000000004281c000 	/System/Library/Frameworks/CoreServices.framework/Versions/A/Frameworks/SharedFileList.framework/Versions/A/SharedFileList
0x000000004281c000 	/System/Library/Frameworks/NetFS.framework/Versions/A/NetFS
0x000000004281c000 	/System/Library/PrivateFrameworks/NetAuth.framework/Versions/A/NetAuth
0x000000004281c000 	/System/Library/PrivateFrameworks/login.framework/Versions/A/Frameworks/loginsupport.framework/Versions/A/loginsupport
0x000000004281c000 	/System/Library/PrivateFrameworks/TCC.framework/Versions/A/TCC
0x000000004281c000 	/usr/lib/libmecabra.dylib
0x000000004281c000 	/System/Library/Frameworks/ApplicationServices.framework/Versions/A/Frameworks/ATS.framework/Versions/A/ATS
0x000000004281c000 	/System/Library/Frameworks/ApplicationServices.framework/Versions/A/Frameworks/ColorSync.framework/Versions/A/ColorSync
0x000000004281c000 	/System/Library/Frameworks/ApplicationServices.framework/Versions/A/Frameworks/HIServices.framework/Versions/A/HIServices
0x000000004281c000 	/System/Library/Frameworks/ApplicationServices.framework/Versions/A/Frameworks/LangAnalysis.framework/Versions/A/LangAnalysis
0x000000004281c000 	/System/Library/Frameworks/ApplicationServices.framework/Versions/A/Frameworks/PrintCore.framework/Versions/A/PrintCore
0x000000004281c000 	/System/Library/Frameworks/ApplicationServices.framework/Versions/A/Frameworks/QD.framework/Versions/A/QD
0x000000004281c000 	/System/Library/Frameworks/ApplicationServices.framework/Versions/A/Frameworks/SpeechSynthesis.framework/Versions/A/SpeechSynthesis
0x000000004281c000 	/System/Library/Frameworks/Accelerate.framework/Versions/A/Frameworks/vImage.framework/Versions/A/vImage
0x000000004281c000 	/System/Library/Frameworks/Accelerate.framework/Versions/A/Frameworks/vecLib.framework/Versions/A/vecLib
0x000000004281c000 	/System/Library/Frameworks/Accelerate.framework/Versions/A/Frameworks/vecLib.framework/Versions/A/libvDSP.dylib
0x000000004281c000 	/System/Library/Frameworks/Accelerate.framework/Versions/A/Frameworks/vecLib.framework/Versions/A/libBNNS.dylib
0x000000004281c000 	/System/Library/Frameworks/Accelerate.framework/Versions/A/Frameworks/vecLib.framework/Versions/A/libQuadrature.dylib
0x000000004281c000 	/System/Library/Frameworks/Accelerate.framework/Versions/A/Frameworks/vecLib.framework/Versions/A/libvMisc.dylib
0x000000004281c000 	/System/Library/Frameworks/Accelerate.framework/Versions/A/Frameworks/vecLib.framework/Versions/A/libLAPACK.dylib
0x000000004281c000 	/System/Library/Frameworks/Accelerate.framework/Versions/A/Frameworks/vecLib.framework/Versions/A/libBLAS.dylib
0x000000004281c000 	/System/Library/Frameworks/Accelerate.framework/Versions/A/Frameworks/vecLib.framework/Versions/A/libLinearAlgebra.dylib
0x000000004281c000 	/System/Library/Frameworks/Accelerate.framework/Versions/A/Frameworks/vecLib.framework/Versions/A/libSparseBLAS.dylib
0x000000004281c000 	/System/Library/Frameworks/ApplicationServices.framework/Versions/A/Frameworks/ATS.framework/Versions/A/Resources/libFontParser.dylib
0x000000004281c000 	/System/Library/Frameworks/ApplicationServices.framework/Versions/A/Frameworks/ATS.framework/Versions/A/Resources/libFontRegistry.dylib
0x000000004281c000 	/System/Library/Frameworks/ImageIO.framework/Versions/A/Resources/libJPEG.dylib
0x000000004281c000 	/System/Library/Frameworks/ImageIO.framework/Versions/A/Resources/libTIFF.dylib
0x000000004281c000 	/System/Library/Frameworks/ImageIO.framework/Versions/A/Resources/libPng.dylib
0x000000004281c000 	/System/Library/Frameworks/ImageIO.framework/Versions/A/Resources/libGIF.dylib
0x000000004281c000 	/System/Library/Frameworks/ImageIO.framework/Versions/A/Resources/libJP2.dylib
0x000000004281c000 	/System/Library/Frameworks/ImageIO.framework/Versions/A/Resources/libRadiance.dylib
0x000000004281c000 	/usr/lib/libcompression.dylib
0x000000004281c000 	/System/Library/PrivateFrameworks/AppleJPEG.framework/Versions/A/AppleJPEG
0x000000004281c000 	/usr/lib/libcups.2.dylib
0x000000004281c000 	/System/Library/Frameworks/Kerberos.framework/Versions/A/Kerberos
0x000000004281c000 	/System/Library/Frameworks/GSS.framework/Versions/A/GSS
0x000000004281c000 	/usr/lib/libresolv.9.dylib
0x000000004281c000 	/usr/lib/libiconv.2.dylib
0x000000004281c000 	/System/Library/PrivateFrameworks/Heimdal.framework/Versions/A/Heimdal
0x000000004281c000 	/usr/lib/libheimdal-asn1.dylib
0x000000004281c000 	/System/Library/Frameworks/OpenDirectory.framework/Versions/A/OpenDirectory
0x000000004281c000 	/System/Library/PrivateFrameworks/CommonAuth.framework/Versions/A/CommonAuth
0x000000004281c000 	/System/Library/Frameworks/OpenDirectory.framework/Versions/A/Frameworks/CFOpenDirectory.framework/Versions/A/CFOpenDirectory
0x000000004281c000 	/System/Library/Frameworks/SecurityFoundation.framework/Versions/A/SecurityFoundation
0x000000004281c000 	/System/Library/PrivateFrameworks/LanguageModeling.framework/Versions/A/LanguageModeling
0x000000004281c000 	/usr/lib/libmarisa.dylib
0x000000004281c000 	/usr/lib/libChineseTokenizer.dylib
0x000000004281c000 	/usr/lib/libcmph.dylib
0x000000004281c000 	/System/Library/PrivateFrameworks/CoreEmoji.framework/Versions/A/CoreEmoji
0x000000004281c000 	/System/Library/Frameworks/ServiceManagement.framework/Versions/A/ServiceManagement
0x000000004281c000 	/usr/lib/libxslt.1.dylib
0x000000004281c000 	/System/Library/Frameworks/Carbon.framework/Versions/A/Frameworks/Ink.framework/Versions/A/Ink
0x000000004281c000 	/System/Library/PrivateFrameworks/TextureIO.framework/Versions/A/TextureIO
0x000000004281c000 	/System/Library/Frameworks/Metal.framework/Versions/A/Metal
0x000000004281c000 	/usr/lib/libate.dylib
0x000000004281c000 	/System/Library/PrivateFrameworks/GPUCompiler.framework/libmetal_timestamp.dylib
0x000000004281c000 	/System/Library/Frameworks/OpenGL.framework/Versions/A/Libraries/libCoreFSCache.dylib
0x000000004281c000 	/System/Library/PrivateFrameworks/IOAccelerator.framework/Versions/A/IOAccelerator
0x000000004281c000 	/System/Library/Frameworks/CoreVideo.framework/Versions/A/CoreVideo
0x000000004281c000 	/usr/lib/libFosl_dynamic.dylib
0x000000004281c000 	/System/Library/PrivateFrameworks/MetalPerformanceShaders.framework/Versions/A/MetalPerformanceShaders
0x000000004281c000 	/System/Library/PrivateFrameworks/FaceCore.framework/Versions/A/FaceCore
0x000000004281c000 	/System/Library/Frameworks/OpenCL.framework/Versions/A/OpenCL
0x000000004281c000 	/System/Library/Frameworks/OpenGL.framework/Versions/A/Libraries/libGLU.dylib
0x000000004281c000 	/System/Library/Frameworks/OpenGL.framework/Versions/A/Libraries/libGFXShared.dylib
0x000000004281c000 	/System/Library/Frameworks/OpenGL.framework/Versions/A/Libraries/libGL.dylib
0x000000004281c000 	/System/Library/Frameworks/OpenGL.framework/Versions/A/Libraries/libGLImage.dylib
0x000000004281c000 	/System/Library/Frameworks/OpenGL.framework/Versions/A/Libraries/libCVMSPluginSupport.dylib
0x000000004281c000 	/System/Library/Frameworks/OpenGL.framework/Versions/A/Libraries/libCoreVMClient.dylib
0x000000004281c000 	/System/Library/PrivateFrameworks/CrashReporterSupport.framework/Versions/A/CrashReporterSupport
0x000000004281c000 	/System/Library/PrivateFrameworks/Sharing.framework/Versions/A/Sharing
0x000000004281c000 	/System/Library/PrivateFrameworks/IconServices.framework/Versions/A/IconServices
0x000000004281c000 	/System/Library/PrivateFrameworks/ProtocolBuffer.framework/Versions/A/ProtocolBuffer
0x000000004281c000 	/System/Library/PrivateFrameworks/Apple80211.framework/Versions/A/Apple80211
0x000000004281c000 	/System/Library/Frameworks/CoreWLAN.framework/Versions/A/CoreWLAN
0x000000004281c000 	/System/Library/PrivateFrameworks/CoreUtils.framework/Versions/A/CoreUtils
0x000000004281c000 	/System/Library/Frameworks/IOBluetooth.framework/Versions/A/IOBluetooth
0x000000004281c000 	/System/Library/PrivateFrameworks/CoreWiFi.framework/Versions/A/CoreWiFi
0x000000004281c000 	/System/Library/Frameworks/CoreBluetooth.framework/Versions/A/CoreBluetooth
0x000000004281c000 	/System/Library/Frameworks/CoreDisplay.framework/Versions/A/CoreDisplay
0x000000004281c000 	/System/Library/PrivateFrameworks/IOPresentment.framework/Versions/A/IOPresentment
0x000000004281c000 	/System/Library/PrivateFrameworks/DSExternalDisplay.framework/Versions/A/DSExternalDisplay
0x000000004281c000 	/System/Library/PrivateFrameworks/DebugSymbols.framework/Versions/A/DebugSymbols
0x000000004281c000 	/System/Library/PrivateFrameworks/CoreSymbolication.framework/Versions/A/CoreSymbolication
0x000000004281c000 	/System/Library/PrivateFrameworks/Symbolication.framework/Versions/A/Symbolication
0x000000004281c000 	/System/Library/PrivateFrameworks/AppleFSCompression.framework/Versions/A/AppleFSCompression
0x000000004281c000 	/System/Library/PrivateFrameworks/SpeechRecognitionCore.framework/Versions/A/SpeechRecognitionCore
0x000000004281c000 	/System/Library/PrivateFrameworks/ChunkingLibrary.framework/Versions/A/ChunkingLibrary
0x000000010e400000 	/Library/Java/JavaVirtualMachines/jdk1.8.0_101.jdk/Contents/Home/jre/lib/server/libjvm.dylib
0x000000010db2d000 	/usr/lib/libstdc++.6.dylib
0x000000010dbe6000 	/Library/Java/JavaVirtualMachines/jdk1.8.0_101.jdk/Contents/Home/jre/lib/libverify.dylib
0x000000010f39d000 	/Library/Java/JavaVirtualMachines/jdk1.8.0_101.jdk/Contents/Home/jre/lib/libjava.dylib
0x000000010f3d2000 	/Library/Java/JavaVirtualMachines/jdk1.8.0_101.jdk/Contents/Home/jre/lib/libjdwp.dylib
0x000000010dbf5000 	/Library/Java/JavaVirtualMachines/jdk1.8.0_101.jdk/Contents/Home/jre/lib/libnpt.dylib
0x000000010f425000 	/Library/Java/JavaVirtualMachines/jdk1.8.0_101.jdk/Contents/Home/jre/lib/libzip.dylib
0x0000000111a91000 	/System/Library/Frameworks/JavaVM.framework/Frameworks/JavaRuntimeSupport.framework/JavaRuntimeSupport
0x0000000111aab000 	/System/Library/Frameworks/JavaVM.framework/Versions/A/Frameworks/JavaNativeFoundation.framework/Versions/A/JavaNativeFoundation
0x0000000111ac0000 	/System/Library/Frameworks/JavaVM.framework/Versions/A/JavaVM
0x000000004281c000 	/System/Library/Frameworks/Carbon.framework/Versions/A/Carbon
0x0000000111acd000 	/System/Library/PrivateFrameworks/JavaLaunching.framework/Versions/A/JavaLaunching
0x000000004281c000 	/System/Library/Frameworks/Carbon.framework/Versions/A/Frameworks/CommonPanels.framework/Versions/A/CommonPanels
0x000000004281c000 	/System/Library/Frameworks/Carbon.framework/Versions/A/Frameworks/Help.framework/Versions/A/Help
0x000000004281c000 	/System/Library/Frameworks/Carbon.framework/Versions/A/Frameworks/ImageCapture.framework/Versions/A/ImageCapture
0x000000004281c000 	/System/Library/Frameworks/Carbon.framework/Versions/A/Frameworks/OpenScripting.framework/Versions/A/OpenScripting
0x000000004281c000 	/System/Library/Frameworks/Carbon.framework/Versions/A/Frameworks/Print.framework/Versions/A/Print
0x000000004281c000 	/System/Library/Frameworks/Carbon.framework/Versions/A/Frameworks/SecurityHI.framework/Versions/A/SecurityHI
0x0000000111add000 	/Library/Java/JavaVirtualMachines/jdk1.8.0_101.jdk/Contents/Home/jre/lib/libdt_socket.dylib
0x00000001267a8000 	/Library/Java/JavaVirtualMachines/jdk1.8.0_101.jdk/Contents/Home/jre/lib/libawt.dylib
0x0000000126850000 	/Library/Java/JavaVirtualMachines/jdk1.8.0_101.jdk/Contents/Home/jre/lib/./libmlib_image.dylib
0x000000012691c000 	/Library/Java/JavaVirtualMachines/jdk1.8.0_101.jdk/Contents/Home/jre/lib/libawt_lwawt.dylib
0x00000001269d1000 	/Library/Java/JavaVirtualMachines/jdk1.8.0_101.jdk/Contents/Home/jre/lib/./libosxapp.dylib
0x000000004281c000 	/System/Library/Frameworks/ExceptionHandling.framework/Versions/A/ExceptionHandling
0x000000004281c000 	/System/Library/PrivateFrameworks/CoreServicesInternal.framework/Versions/A/CoreServicesInternal
0x000000004281c000 	/System/Library/CoreServices/RawCamera.bundle/Contents/MacOS/RawCamera
0x0000000126e49000 	/System/Library/Frameworks/Accelerate.framework/Frameworks/vImage.framework/Versions/A/Libraries/libCGInterfaces.dylib
0x000000004281c000 	/System/Library/Frameworks/ApplicationServices.framework/Versions/A/Frameworks/ATS.framework/Versions/A/Resources/libTrueTypeScaler.dylib
0x0000000128cdd000 	/System/Library/Frameworks/OpenGL.framework/Resources/GLEngine.bundle/GLEngine
0x000000004281c000 	/System/Library/Frameworks/OpenGL.framework/Versions/A/Libraries/libGLProgrammability.dylib
0x0000000128ec2000 	/System/Library/Extensions/AppleIntelHD5000GraphicsGLDriver.bundle/Contents/MacOS/AppleIntelHD5000GraphicsGLDriver
0x000000004281c000 	/System/Library/PrivateFrameworks/GPUSupport.framework/Versions/A/Libraries/libGPUSupportMercury.dylib
0x0000000129630000 	/System/Library/Frameworks/OpenGL.framework/Resources//GLRendererFloat.bundle/GLRendererFloat
0x000000004281c000 	/System/Library/Frameworks/OpenCL.framework/Versions/A/Libraries/libcldcpuengine.dylib
0x000000004281c000 	/usr/lib/libcrypto.0.9.8.dylib
0x000000004281c000 	/System/Library/PrivateFrameworks/TrustEvaluationAgent.framework/Versions/A/TrustEvaluationAgent
0x0000000129664000 	/System/Library/Extensions/AppleIntelHD5000GraphicsMTLDriver.bundle/Contents/MacOS/AppleIntelHD5000GraphicsMTLDriver
0x000000004281c000 	/System/Library/PrivateFrameworks/FamilyControls.framework/Versions/A/FamilyControls
0x000000004281c000 	/System/Library/PrivateFrameworks/CommerceKit.framework/Versions/A/Frameworks/CommerceCore.framework/Versions/A/CommerceCore
0x000000004281c000 	/System/Library/PrivateFrameworks/SystemAdministration.framework/Versions/A/SystemAdministration
0x000000004281c000 	/System/Library/PrivateFrameworks/AppContainer.framework/Versions/A/AppContainer
0x000000004281c000 	/System/Library/PrivateFrameworks/SecCodeWrapper.framework/Versions/A/SecCodeWrapper
0x000000004281c000 	/System/Library/Frameworks/DirectoryService.framework/Versions/A/DirectoryService
0x000000004281c000 	/System/Library/PrivateFrameworks/DiskImages.framework/Versions/A/DiskImages
0x000000004281c000 	/System/Library/PrivateFrameworks/LoginUIKit.framework/Versions/A/Frameworks/LoginUICore.framework/Versions/A/LoginUICore
0x000000004281c000 	/usr/lib/libCoreStorage.dylib
0x000000004281c000 	/usr/lib/libcsfde.dylib
0x000000004281c000 	/usr/lib/libodfde.dylib
0x000000004281c000 	/System/Library/Frameworks/DiscRecording.framework/Versions/A/DiscRecording
0x000000004281c000 	/usr/lib/libcurl.4.dylib
0x000000004281c000 	/System/Library/PrivateFrameworks/MediaKit.framework/Versions/A/MediaKit
0x000000004281c000 	/System/Library/PrivateFrameworks/ProtectedCloudStorage.framework/Versions/A/ProtectedCloudStorage
0x000000004281c000 	/System/Library/PrivateFrameworks/EFILogin.framework/Versions/A/EFILogin
0x000000004281c000 	/usr/lib/libutil.dylib
0x000000004281c000 	/System/Library/Frameworks/LDAP.framework/Versions/A/LDAP
0x000000004281c000 	/usr/lib/libsasl2.2.dylib
0x000000004281c000 	/System/Library/PrivateFrameworks/CoreDaemon.framework/Versions/B/CoreDaemon
0x000000004281c000 	/System/Library/PrivateFrameworks/AppleSRP.framework/Versions/A/AppleSRP
0x000000004281c000 	/System/Library/PrivateFrameworks/APFS.framework/Versions/A/APFS
0x000000012aaaa000 	/Library/Java/JavaVirtualMachines/jdk1.8.0_101.jdk/Contents/Home/jre/lib/libfontmanager.dylib
0x000000012b389000 	/Library/Java/JavaVirtualMachines/jdk1.8.0_101.jdk/Contents/Home/jre/lib/libosxui.dylib
0x000000004281c000 	/System/Library/PrivateFrameworks/ViewBridge.framework/Versions/A/ViewBridge
0x000000004281c000 	/System/Library/PrivateFrameworks/XPCService.framework/Versions/A/XPCService
0x000000004281c000 	/System/Library/PrivateFrameworks/AppSandbox.framework/Versions/A/AppSandbox
0x000000004281c000 	/usr/lib/libsandbox.1.dylib
0x000000004281c000 	/usr/lib/libMatch.1.dylib
0x000000012c377000 	/Library/Java/JavaVirtualMachines/jdk1.8.0_101.jdk/Contents/Home/jre/lib/libjpeg.dylib
0x000000012de78000 	/Library/Java/JavaVirtualMachines/jdk1.8.0_101.jdk/Contents/Home/jre/lib/libnet.dylib
0x000000012d6e6000 	/Library/Java/JavaVirtualMachines/jdk1.8.0_101.jdk/Contents/Home/jre/lib/libnio.dylib
0x0000000172709000 	/Library/Java/JavaVirtualMachines/jdk1.8.0_101.jdk/Contents/Home/jre/lib/libdcpr.dylib

VM Arguments:
jvm_args: -agentlib:jdwp=transport=dt_socket,suspend=y,address=localhost:54889 -Dfile.encoding=UTF-8 
java_command: ca.mcgill.ecse223.tileo.application.TileOApplication
java_class_path (initial): /Users/andrevallieres/Documents/workspace/Tile-O/Group12/bin
Launcher Type: SUN_STANDARD

Environment Variables:
PATH=/usr/bin:/bin:/usr/sbin:/sbin
SHELL=/bin/bash
DISPLAY=/private/tmp/com.apple.launchd.UmPPVb5GRb/org.macosforge.xquartz:0

Signal Handlers:
SIGSEGV: [libjvm.dylib+0x5af145], sa_mask[0]=11111111011111110111111111111111, sa_flags=SA_ONSTACK|SA_RESTART|SA_SIGINFO
SIGBUS: [libjvm.dylib+0x5af145], sa_mask[0]=11111111011111110111111111111111, sa_flags=SA_RESTART|SA_SIGINFO
SIGFPE: [libjvm.dylib+0x48694c], sa_mask[0]=11111111011111110111111111111111, sa_flags=SA_RESTART|SA_SIGINFO
SIGPIPE: [libjvm.dylib+0x48694c], sa_mask[0]=11111111011111110111111111111111, sa_flags=SA_RESTART|SA_SIGINFO
SIGXFSZ: [libjvm.dylib+0x48694c], sa_mask[0]=11111111011111110111111111111111, sa_flags=SA_RESTART|SA_SIGINFO
SIGILL: [libjvm.dylib+0x48694c], sa_mask[0]=11111111011111110111111111111111, sa_flags=SA_RESTART|SA_SIGINFO
SIGUSR1: SIG_DFL, sa_mask[0]=00000000000000000000000000000000, sa_flags=none
SIGUSR2: [libjvm.dylib+0x48646a], sa_mask[0]=00100000000000000000000000000000, sa_flags=SA_RESTART|SA_SIGINFO
SIGHUP: [libjvm.dylib+0x484a41], sa_mask[0]=11111111011111110111111111111111, sa_flags=SA_RESTART|SA_SIGINFO
SIGINT: [libjvm.dylib+0x484a41], sa_mask[0]=11111111011111110111111111111111, sa_flags=SA_RESTART|SA_SIGINFO
SIGTERM: [libjvm.dylib+0x484a41], sa_mask[0]=11111111011111110111111111111111, sa_flags=SA_RESTART|SA_SIGINFO
SIGQUIT: [libjvm.dylib+0x484a41], sa_mask[0]=11111111011111110111111111111111, sa_flags=SA_RESTART|SA_SIGINFO


---------------  S Y S T E M  ---------------

OS:Bsduname:Darwin 16.5.0 Darwin Kernel Version 16.5.0: Fri Mar  3 16:45:33 PST 2017; root:xnu-3789.51.2~1/RELEASE_X86_64 x86_64
rlimit: STACK 8192k, CORE 0k, NPROC 709, NOFILE 10240, AS infinity
load average:1.58 1.68 1.70

CPU:total 4 (2 cores per cpu, 2 threads per core) family 6 model 69 stepping 1, cmov, cx8, fxsr, mmx, sse, sse2, sse3, ssse3, sse4.1, sse4.2, popcnt, avx, avx2, aes, clmul, erms, lzcnt, ht, tsc, tscinvbit, bmi1, bmi2

Memory: 4k page, physical 8388608k(552448k free)

/proc/meminfo:


vm_info: Java HotSpot(TM) 64-Bit Server VM (25.101-b13) for bsd-amd64 JRE (1.8.0_101-b13), built on Jun 22 2016 02:42:15 by "java_re" with gcc 4.2.1 (Based on Apple Inc. build 5658) (LLVM build 2336.11.00)

time: Thu Mar 16 02:04:23 2017
elapsed time: 144 seconds (0d 0h 2m 24s)

